2015/10/08 10:07:31 [error] [php] mkdir() [<a href='function.mkdir'>function.mkdir</a>]: File exists (F:\WWW\www\framework\utils\CFileHelper.php:361)
Stack trace:
#0 F:\WWW\www\framework\utils\CFileHelper.php(180): copyDirectoryRecursive()
#1 F:\WWW\www\framework\utils\CFileHelper.php(63): copyDirectoryRecursive()
#2 F:\WWW\www\framework\web\CAssetManager.php(251): copyDirectory()
#3 F:\WWW\www\framework\web\CClientScript.php(511): CAssetManager->publish()
#4 F:\WWW\www\framework\web\CClientScript.php(548): CClientScript->getCoreScriptUrl()
#5 F:\WWW\www\framework\web\CClientScript.php(349): CClientScript->getPackageBaseUrl()
#6 F:\WWW\www\framework\web\CClientScript.php(208): CClientScript->renderCoreScripts()
#7 F:\WWW\www\framework\web\CController.php(351): CClientScript->render()
#8 F:\WWW\www\framework\web\CController.php(788): PostController->processOutput()
#9 F:\WWW\www\demos\blog\protected\controllers\PostController.php(136): PostController->render()
#10 F:\WWW\www\framework\web\actions\CInlineAction.php(49): PostController->actionIndex()
#11 F:\WWW\www\framework\web\CController.php(308): CInlineAction->runWithParams()
#12 F:\WWW\www\framework\web\filters\CFilterChain.php(133): PostController->runAction()
#13 F:\WWW\www\framework\web\filters\CFilter.php(40): CFilterChain->run()
#14 F:\WWW\www\framework\web\CController.php(1145): CAccessControlFilter->filter()
#15 F:\WWW\www\framework\web\filters\CInlineFilter.php(58): PostController->filterAccessControl()
#16 F:\WWW\www\framework\web\filters\CFilterChain.php(130): CInlineFilter->filter()
#17 F:\WWW\www\framework\web\CController.php(291): CFilterChain->run()
#18 F:\WWW\www\framework\web\CController.php(265): PostController->runActionWithFilters()
#19 F:\WWW\www\framework\web\CWebApplication.php(282): PostController->run()
#20 F:\WWW\www\framework\web\CWebApplication.php(141): CWebApplication->runController()
#21 F:\WWW\www\framework\base\CApplication.php(184): CWebApplication->processRequest()
#22 F:\WWW\www\demos\blog\index.php(11): CWebApplication->run()
REQUEST_URI=/WWW/demos/blog/
<<<<<<< HEAD
2015/10/08 17:49:13 [error] [system.db.CDbCommand] Error in preparing SQL: PRAGMA table_info('tbl_post')
2015/10/08 17:49:13 [error] [system.db.CDbCommand] CDbCommand::fetchAll() failed: CDbCommand failed to prepare the SQL statement: SQLSTATE[HY000]: General error: 26 file is encrypted or is not a database. The SQL statement executed was: PRAGMA table_info('tbl_post').
2015/10/08 17:49:13 [error] [exception.CDbException] exception 'CDbException' with message 'CDbCommand failed to execute the SQL statement: CDbCommand failed to prepare the SQL statement: SQLSTATE[HY000]: General error: 26 file is encrypted or is not a database' in F:\WWW\wy\framework\db\CDbCommand.php:543
Stack trace:
#0 F:\WWW\wy\framework\db\CDbCommand.php(396): CDbCommand->queryInternal('fetchAll', Array, Array)
#1 F:\WWW\wy\framework\db\schema\sqlite\CSqliteSchema.php(134): CDbCommand->queryAll()
#2 F:\WWW\wy\framework\db\schema\sqlite\CSqliteSchema.php(117): CSqliteSchema->findColumns(Object(CDbTableSchema))
#3 F:\WWW\wy\framework\db\schema\CDbSchema.php(103): CSqliteSchema->loadTable('tbl_post')
#4 F:\WWW\wy\framework\db\ar\CActiveRecord.php(2384): CDbSchema->getTable('{{post}}')
#5 F:\WWW\wy\framework\db\ar\CActiveRecord.php(411): CActiveRecordMetaData->__construct(Object(Post))
#6 F:\WWW\wy\framework\db\ar\CActiveRecord.php(661): CActiveRecord->getMetaData()
#7 F:\WWW\wy\framework\db\ar\CActiveRecord.php(1490): CActiveRecord->getTableSchema()
#8 F:\WWW\wy\demos\blog\protected\controllers\PostController.php(180): CActiveRecord->findByPk('2', 'status=2 OR sta...')
#9 F:\WWW\wy\demos\blog\protected\controllers\PostController.php(48): PostController->loadModel()
#10 F:\WWW\wy\framework\web\actions\CInlineAction.php(49): PostController->actionView()
#11 F:\WWW\wy\framework\web\CController.php(308): CInlineAction->runWithParams(Array)
#12 F:\WWW\wy\framework\web\filters\CFilterChain.php(133): CController->runAction(Object(CInlineAction))
#13 F:\WWW\wy\framework\web\filters\CFilter.php(40): CFilterChain->run()
#14 F:\WWW\wy\framework\web\CController.php(1145): CFilter->filter(Object(CFilterChain))
#15 F:\WWW\wy\framework\web\filters\CInlineFilter.php(58): CController->filterAccessControl(Object(CFilterChain))
#16 F:\WWW\wy\framework\web\filters\CFilterChain.php(130): CInlineFilter->filter(Object(CFilterChain))
#17 F:\WWW\wy\framework\web\CController.php(291): CFilterChain->run()
#18 F:\WWW\wy\framework\web\CController.php(265): CController->runActionWithFilters(Object(CInlineAction), Array)
#19 F:\WWW\wy\framework\web\CWebApplication.php(282): CController->run('view')
#20 F:\WWW\wy\framework\web\CWebApplication.php(141): CWebApplication->runController('post/view')
#21 F:\WWW\wy\framework\base\CApplication.php(184): CWebApplication->processRequest()
#22 F:\WWW\wy\demos\blog\index.php(11): CApplication->run()
#23 {main}
REQUEST_URI=/wy/demos/blog/index.php/post/2/A+Test+Post
HTTP_REFERER=http://127.0.0.1/wy/demos/blog/index.php/post/2/A+Test+Post
---
=======
>>>>>>> branch 'master' of https://github.com/wy123/wy.git
2015/10/09 10:50:47 [error] [system.db.CDbCommand] Error in preparing SQL: PRAGMA table_info('tbl_post')
2015/10/09 10:50:47 [error] [system.db.CDbCommand] CDbCommand::fetchAll() failed: CDbCommand failed to prepare the SQL statement: SQLSTATE[HY000]: General error: 26 file is encrypted or is not a database. The SQL statement executed was: PRAGMA table_info('tbl_post').
2015/10/09 10:50:47 [error] [exception.CDbException] exception 'CDbException' with message 'CDbCommand failed to execute the SQL statement: CDbCommand failed to prepare the SQL statement: SQLSTATE[HY000]: General error: 26 file is encrypted or is not a database' in F:\WWW\wy\framework\db\CDbCommand.php:543
Stack trace:
#0 F:\WWW\wy\framework\db\CDbCommand.php(396): CDbCommand->queryInternal('fetchAll', Array, Array)
#1 F:\WWW\wy\framework\db\schema\sqlite\CSqliteSchema.php(134): CDbCommand->queryAll()
#2 F:\WWW\wy\framework\db\schema\sqlite\CSqliteSchema.php(117): CSqliteSchema->findColumns(Object(CDbTableSchema))
#3 F:\WWW\wy\framework\db\schema\CDbSchema.php(103): CSqliteSchema->loadTable('tbl_post')
#4 F:\WWW\wy\framework\db\ar\CActiveRecord.php(2384): CDbSchema->getTable('{{post}}')
#5 F:\WWW\wy\framework\db\ar\CActiveRecord.php(411): CActiveRecordMetaData->__construct(Object(Post))
#6 F:\WWW\wy\framework\db\ar\CActiveRecord.php(661): CActiveRecord->getMetaData()
#7 F:\WWW\wy\framework\db\ar\CActiveFinder.php(392): CActiveRecord->getTableSchema()
#8 F:\WWW\wy\framework\db\ar\CActiveFinder.php(47): CJoinElement->__construct(Object(CActiveFinder), Object(Post))
#9 F:\WWW\wy\framework\db\ar\CActiveRecord.php(912): CActiveFinder->__construct(Object(Post), 'commentCount')
#10 F:\WWW\wy\framework\db\ar\CActiveRecord.php(1609): CActiveRecord->getActiveFinder('commentCount')
#11 F:\WWW\wy\framework\web\CActiveDataProvider.php(228): CActiveRecord->count(Object(CDbCriteria))
#12 F:\WWW\wy\framework\web\CDataProvider.php(224): CActiveDataProvider->calculateTotalItemCount()
#13 F:\WWW\wy\framework\web\CActiveDataProvider.php(178): CDataProvider->getTotalItemCount()
#14 F:\WWW\wy\framework\web\CDataProvider.php(168): CActiveDataProvider->fetchData()
#15 F:\WWW\wy\framework\zii\widgets\CBaseListView.php(125): CDataProvider->getData()
#16 F:\WWW\wy\framework\zii\widgets\CListView.php(211): CBaseListView->init()
#17 F:\WWW\wy\framework\web\CBaseController.php(147): CListView->init()
#18 F:\WWW\wy\framework\web\CBaseController.php(180): CBaseController->createWidget('zii.widgets.CLi...', Array)
#19 F:\WWW\wy\app\admin\protected\views\post\index.php(9): CBaseController->widget('zii.widgets.CLi...', Array)
#20 F:\WWW\wy\framework\web\CBaseController.php(126): require('F:\WWW\wy\app\a...')
#21 F:\WWW\wy\framework\web\CBaseController.php(95): CBaseController->renderInternal('F:\WWW\wy\app\a...', Array, true)
#22 F:\WWW\wy\framework\web\CController.php(869): CBaseController->renderFile('F:\WWW\wy\app\a...', Array, true)
#23 F:\WWW\wy\framework\web\CController.php(782): CController->renderPartial('index', Array, true)
#24 F:\WWW\wy\app\admin\protected\controllers\PostController.php(136): CController->render('index', Array)
#25 F:\WWW\wy\framework\web\actions\CInlineAction.php(49): PostController->actionIndex()
#26 F:\WWW\wy\framework\web\CController.php(308): CInlineAction->runWithParams(Array)
#27 F:\WWW\wy\framework\web\filters\CFilterChain.php(133): CController->runAction(Object(CInlineAction))
#28 F:\WWW\wy\framework\web\filters\CFilter.php(40): CFilterChain->run()
#29 F:\WWW\wy\framework\web\CController.php(1145): CFilter->filter(Object(CFilterChain))
#30 F:\WWW\wy\framework\web\filters\CInlineFilter.php(58): CController->filterAccessControl(Object(CFilterChain))
#31 F:\WWW\wy\framework\web\filters\CFilterChain.php(130): CInlineFilter->filter(Object(CFilterChain))
#32 F:\WWW\wy\framework\web\CController.php(291): CFilterChain->run()
#33 F:\WWW\wy\framework\web\CController.php(265): CController->runActionWithFilters(Object(CInlineAction), Array)
#34 F:\WWW\wy\framework\web\CWebApplication.php(282): CController->run('index')
#35 F:\WWW\wy\framework\web\CWebApplication.php(141): CWebApplication->runController('post/index')
#36 F:\WWW\wy\framework\base\CApplication.php(184): CWebApplication->processRequest()
#37 F:\WWW\wy\app\admin\index.php(11): CApplication->run()
#38 {main}
REQUEST_URI=/wy/app/admin/index.php/post/index
---
2015/10/09 15:22:31 [error] [system.db.CDbCommand] Error in preparing SQL: PRAGMA table_info('tbl_post')
2015/10/09 15:22:31 [error] [system.db.CDbCommand] CDbCommand::fetchAll() failed: CDbCommand failed to prepare the SQL statement: SQLSTATE[HY000]: General error: 26 file is encrypted or is not a database. The SQL statement executed was: PRAGMA table_info('tbl_post').
2015/10/09 15:22:31 [error] [exception.CDbException] exception 'CDbException' with message 'CDbCommand failed to execute the SQL statement: CDbCommand failed to prepare the SQL statement: SQLSTATE[HY000]: General error: 26 file is encrypted or is not a database' in F:\WWW\wy\framework\db\CDbCommand.php:543
Stack trace:
#0 F:\WWW\wy\framework\db\CDbCommand.php(396): CDbCommand->queryInternal('fetchAll', Array, Array)
#1 F:\WWW\wy\framework\db\schema\sqlite\CSqliteSchema.php(134): CDbCommand->queryAll()
#2 F:\WWW\wy\framework\db\schema\sqlite\CSqliteSchema.php(117): CSqliteSchema->findColumns(Object(CDbTableSchema))
#3 F:\WWW\wy\framework\db\schema\CDbSchema.php(103): CSqliteSchema->loadTable('tbl_post')
#4 F:\WWW\wy\framework\db\ar\CActiveRecord.php(2384): CDbSchema->getTable('{{post}}')
#5 F:\WWW\wy\framework\db\ar\CActiveRecord.php(411): CActiveRecordMetaData->__construct(Object(Post))
#6 F:\WWW\wy\framework\db\ar\CActiveRecord.php(661): CActiveRecord->getMetaData()
#7 F:\WWW\wy\framework\db\ar\CActiveFinder.php(392): CActiveRecord->getTableSchema()
#8 F:\WWW\wy\framework\db\ar\CActiveFinder.php(47): CJoinElement->__construct(Object(CActiveFinder), Object(Post))
#9 F:\WWW\wy\framework\db\ar\CActiveRecord.php(912): CActiveFinder->__construct(Object(Post), 'commentCount')
#10 F:\WWW\wy\framework\db\ar\CActiveRecord.php(1609): CActiveRecord->getActiveFinder('commentCount')
#11 F:\WWW\wy\framework\web\CActiveDataProvider.php(228): CActiveRecord->count(Object(CDbCriteria))
#12 F:\WWW\wy\framework\web\CDataProvider.php(224): CActiveDataProvider->calculateTotalItemCount()
#13 F:\WWW\wy\framework\web\CActiveDataProvider.php(178): CDataProvider->getTotalItemCount()
#14 F:\WWW\wy\framework\web\CDataProvider.php(168): CActiveDataProvider->fetchData()
#15 F:\WWW\wy\framework\zii\widgets\CBaseListView.php(125): CDataProvider->getData()
#16 F:\WWW\wy\framework\zii\widgets\CListView.php(211): CBaseListView->init()
#17 F:\WWW\wy\framework\web\CBaseController.php(147): CListView->init()
#18 F:\WWW\wy\framework\web\CBaseController.php(180): CBaseController->createWidget('zii.widgets.CLi...', Array)
#19 F:\WWW\wy\app\admin\protected\views\post\index.php(9): CBaseController->widget('zii.widgets.CLi...', Array)
#20 F:\WWW\wy\framework\web\CBaseController.php(126): require('F:\WWW\wy\app\a...')
#21 F:\WWW\wy\framework\web\CBaseController.php(95): CBaseController->renderInternal('F:\WWW\wy\app\a...', Array, true)
#22 F:\WWW\wy\framework\web\CController.php(869): CBaseController->renderFile('F:\WWW\wy\app\a...', Array, true)
#23 F:\WWW\wy\framework\web\CController.php(782): CController->renderPartial('index', Array, true)
#24 F:\WWW\wy\app\admin\protected\controllers\PostController.php(136): CController->render('index', Array)
#25 F:\WWW\wy\framework\web\actions\CInlineAction.php(49): PostController->actionIndex()
#26 F:\WWW\wy\framework\web\CController.php(308): CInlineAction->runWithParams(Array)
#27 F:\WWW\wy\framework\web\filters\CFilterChain.php(133): CController->runAction(Object(CInlineAction))
#28 F:\WWW\wy\framework\web\filters\CFilter.php(40): CFilterChain->run()
#29 F:\WWW\wy\framework\web\CController.php(1145): CFilter->filter(Object(CFilterChain))
#30 F:\WWW\wy\framework\web\filters\CInlineFilter.php(58): CController->filterAccessControl(Object(CFilterChain))
#31 F:\WWW\wy\framework\web\filters\CFilterChain.php(130): CInlineFilter->filter(Object(CFilterChain))
#32 F:\WWW\wy\framework\web\CController.php(291): CFilterChain->run()
#33 F:\WWW\wy\framework\web\CController.php(265): CController->runActionWithFilters(Object(CInlineAction), Array)
#34 F:\WWW\wy\framework\web\CWebApplication.php(282): CController->run('')
#35 F:\WWW\wy\framework\web\CWebApplication.php(141): CWebApplication->runController('')
#36 F:\WWW\wy\framework\base\CApplication.php(184): CWebApplication->processRequest()
#37 F:\WWW\wy\app\admin\index.php(11): CApplication->run()
#38 {main}
REQUEST_URI=/wy/app/admin/
---
2015/10/09 15:52:01 [error] [php] Attempt to assign property of non-object (F:\WWW\wy\app\admin\protected\controllers\SiteController.php:53)
Stack trace:
#0 F:\WWW\wy\framework\web\CController.php(286): SiteController->runAction()
#1 F:\WWW\wy\framework\web\CController.php(265): SiteController->runActionWithFilters()
#2 F:\WWW\wy\framework\web\CWebApplication.php(282): SiteController->run()
#3 F:\WWW\wy\framework\web\CWebApplication.php(141): CWebApplication->runController()
#4 F:\WWW\wy\framework\base\CApplication.php(184): CWebApplication->processRequest()
#5 F:\WWW\wy\app\admin\index.php(11): CWebApplication->run()
REQUEST_URI=/wy/app/admin/index.php/site/login
2015/10/09 15:55:21 [error] [system.db.CDbCommand] CDbCommand::execute() failed: SQLSTATE[23000]: Integrity constraint violation: 1062 Duplicate entry '4' for key 'PRIMARY'. The SQL statement executed was: INSERT INTO `tbl_admin` (`id`, `username`) VALUES (:yp0, :yp1).
2015/10/09 15:55:21 [error] [exception.CDbException] exception 'CDbException' with message 'CDbCommand failed to execute the SQL statement: SQLSTATE[23000]: Integrity constraint violation: 1062 Duplicate entry '4' for key 'PRIMARY'' in F:\WWW\wy\framework\db\CDbCommand.php:358
Stack trace:
#0 F:\WWW\wy\framework\db\ar\CActiveRecord.php(1080): CDbCommand->execute()
#1 F:\WWW\wy\framework\db\ar\CActiveRecord.php(809): CActiveRecord->insert(NULL)
#2 F:\WWW\wy\app\admin\protected\controllers\SiteController.php(55): CActiveRecord->save()
#3 F:\WWW\wy\framework\web\actions\CInlineAction.php(49): SiteController->actionLogin()
#4 F:\WWW\wy\framework\web\CController.php(308): CInlineAction->runWithParams(Array)
#5 F:\WWW\wy\framework\web\CController.php(286): CController->runAction(Object(CInlineAction))
#6 F:\WWW\wy\framework\web\CController.php(265): CController->runActionWithFilters(Object(CInlineAction), Array)
#7 F:\WWW\wy\framework\web\CWebApplication.php(282): CController->run('login')
#8 F:\WWW\wy\framework\web\CWebApplication.php(141): CWebApplication->runController('site/login')
#9 F:\WWW\wy\framework\base\CApplication.php(184): CWebApplication->processRequest()
#10 F:\WWW\wy\app\admin\index.php(11): CApplication->run()
#11 {main}
REQUEST_URI=/wy/app/admin/index.php/site/login
HTTP_REFERER=http://127.0.0.1/wy/app/admin/
---
2015/10/09 16:08:26 [error] [exception.CException] exception 'CException' with message 'Property "LoginForm.0" is not defined.' in F:\WWW\wy\framework\base\CComponent.php:130
Stack trace:
#0 F:\WWW\wy\framework\db\ar\CActiveRecord.php(145): CComponent->__get('0')
#1 F:\WWW\wy\framework\base\CModel.php(596): CActiveRecord->__get('0')
#2 F:\WWW\wy\app\admin\protected\controllers\SiteController.php(53): CModel->offsetGet(0)
#3 F:\WWW\wy\framework\web\actions\CInlineAction.php(49): SiteController->actionLogin()
#4 F:\WWW\wy\framework\web\CController.php(308): CInlineAction->runWithParams(Array)
#5 F:\WWW\wy\framework\web\CController.php(286): CController->runAction(Object(CInlineAction))
#6 F:\WWW\wy\framework\web\CController.php(265): CController->runActionWithFilters(Object(CInlineAction), Array)
#7 F:\WWW\wy\framework\web\CWebApplication.php(282): CController->run('login')
#8 F:\WWW\wy\framework\web\CWebApplication.php(141): CWebApplication->runController('site/login')
#9 F:\WWW\wy\framework\base\CApplication.php(184): CWebApplication->processRequest()
#10 F:\WWW\wy\app\admin\index.php(11): CApplication->run()
#11 {main}
REQUEST_URI=/wy/app/admin/index.php/site/login
HTTP_REFERER=http://127.0.0.1/wy/app/admin/
---
2015/10/09 16:49:02 [error] [system.db.CDbCommand] CDbCommand::fetchAll() failed: SQLSTATE[42S02]: Base table or view not found: 1146 Table 'test.tbl_post' doesn't exist. The SQL statement executed was: SHOW FULL COLUMNS FROM `tbl_post`.
2015/10/09 16:49:02 [error] [exception.CDbException] exception 'CDbException' with message 'The table "{{post}}" for active record class "Post" cannot be found in the database.' in F:\WWW\wy\framework\db\ar\CActiveRecord.php:2385
Stack trace:
#0 F:\WWW\wy\framework\db\ar\CActiveRecord.php(411): CActiveRecordMetaData->__construct(Object(Post))
#1 F:\WWW\wy\framework\db\ar\CActiveRecord.php(661): CActiveRecord->getMetaData()
#2 F:\WWW\wy\framework\db\ar\CActiveFinder.php(392): CActiveRecord->getTableSchema()
#3 F:\WWW\wy\framework\db\ar\CActiveFinder.php(47): CJoinElement->__construct(Object(CActiveFinder), Object(Post))
#4 F:\WWW\wy\framework\db\ar\CActiveRecord.php(912): CActiveFinder->__construct(Object(Post), 'commentCount')
#5 F:\WWW\wy\framework\db\ar\CActiveRecord.php(1609): CActiveRecord->getActiveFinder('commentCount')
#6 F:\WWW\wy\framework\web\CActiveDataProvider.php(228): CActiveRecord->count(Object(CDbCriteria))
#7 F:\WWW\wy\framework\web\CDataProvider.php(224): CActiveDataProvider->calculateTotalItemCount()
#8 F:\WWW\wy\framework\web\CActiveDataProvider.php(178): CDataProvider->getTotalItemCount()
#9 F:\WWW\wy\framework\web\CDataProvider.php(168): CActiveDataProvider->fetchData()
#10 F:\WWW\wy\framework\zii\widgets\CBaseListView.php(125): CDataProvider->getData()
#11 F:\WWW\wy\framework\zii\widgets\CListView.php(211): CBaseListView->init()
#12 F:\WWW\wy\framework\web\CBaseController.php(147): CListView->init()
#13 F:\WWW\wy\framework\web\CBaseController.php(180): CBaseController->createWidget('zii.widgets.CLi...', Array)
#14 F:\WWW\wy\app\admin\protected\views\post\index.php(9): CBaseController->widget('zii.widgets.CLi...', Array)
#15 F:\WWW\wy\framework\web\CBaseController.php(126): require('F:\WWW\wy\app\a...')
#16 F:\WWW\wy\framework\web\CBaseController.php(95): CBaseController->renderInternal('F:\WWW\wy\app\a...', Array, true)
#17 F:\WWW\wy\framework\web\CController.php(869): CBaseController->renderFile('F:\WWW\wy\app\a...', Array, true)
#18 F:\WWW\wy\framework\web\CController.php(782): CController->renderPartial('index', Array, true)
#19 F:\WWW\wy\app\admin\protected\controllers\PostController.php(136): CController->render('index', Array)
#20 F:\WWW\wy\framework\web\actions\CInlineAction.php(49): PostController->actionIndex()
#21 F:\WWW\wy\framework\web\CController.php(308): CInlineAction->runWithParams(Array)
#22 F:\WWW\wy\framework\web\filters\CFilterChain.php(133): CController->runAction(Object(CInlineAction))
#23 F:\WWW\wy\framework\web\filters\CFilter.php(40): CFilterChain->run()
#24 F:\WWW\wy\framework\web\CController.php(1145): CFilter->filter(Object(CFilterChain))
#25 F:\WWW\wy\framework\web\filters\CInlineFilter.php(58): CController->filterAccessControl(Object(CFilterChain))
#26 F:\WWW\wy\framework\web\filters\CFilterChain.php(130): CInlineFilter->filter(Object(CFilterChain))
#27 F:\WWW\wy\framework\web\CController.php(291): CFilterChain->run()
#28 F:\WWW\wy\framework\web\CController.php(265): CController->runActionWithFilters(Object(CInlineAction), Array)
#29 F:\WWW\wy\framework\web\CWebApplication.php(282): CController->run('')
#30 F:\WWW\wy\framework\web\CWebApplication.php(141): CWebApplication->runController(false)
#31 F:\WWW\wy\framework\base\CApplication.php(184): CWebApplication->processRequest()
#32 F:\WWW\wy\app\admin\index.php(11): CApplication->run()
#33 {main}
REQUEST_URI=/wy/app/admin/index.php
---
2015/10/09 16:51:41 [error] [php] include(Controller.php) [<a href='function.include'>function.include</a>]: failed to open stream: No such file or directory (F:\WWW\wy\framework\YiiBase.php:432)
Stack trace:
#0 F:\WWW\wy\app\admin\protected\controllers\SiteController.php(3): spl_autoload_call()
#1 F:\WWW\wy\framework\web\CWebApplication.php(354): require()
#2 F:\WWW\wy\framework\web\CWebApplication.php(276): CWebApplication->createController()
#3 F:\WWW\wy\framework\web\CWebApplication.php(141): CWebApplication->runController()
#4 F:\WWW\wy\framework\base\CApplication.php(184): CWebApplication->processRequest()
#5 F:\WWW\wy\app\admin\index.php(11): CWebApplication->run()
REQUEST_URI=/wy/app/admin/index.php/site/login
2015/10/09 16:58:16 [error] [exception.CDbException] exception 'CDbException' with message 'CDbConnection.connectionString cannot be empty.' in F:\WWW\wy\framework\db\CDbConnection.php:387
Stack trace:
#0 F:\WWW\wy\framework\db\CDbConnection.php(347): CDbConnection->open()
#1 F:\WWW\wy\framework\db\CDbConnection.php(325): CDbConnection->setActive(true)
#2 F:\WWW\wy\framework\base\CModule.php(394): CDbConnection->init()
#3 F:\WWW\wy\framework\base\CApplication.php(458): CModule->getComponent('db')
#4 F:\WWW\wy\framework\db\ar\CActiveRecord.php(637): CApplication->getDb()
#5 F:\WWW\wy\framework\db\ar\CActiveRecord.php(670): CActiveRecord->getDbConnection()
#6 F:\WWW\wy\framework\db\ar\CActiveRecord.php(1474): CActiveRecord->getCommandBuilder()
#7 F:\WWW\wy\app\admin\protected\controllers\SiteController.php(60): CActiveRecord->findAll(Array, 'id in (5,6)')
#8 F:\WWW\wy\framework\web\actions\CInlineAction.php(49): SiteController->actionLogin()
#9 F:\WWW\wy\framework\web\CController.php(308): CInlineAction->runWithParams(Array)
#10 F:\WWW\wy\framework\web\CController.php(286): CController->runAction(Object(CInlineAction))
#11 F:\WWW\wy\framework\web\CController.php(265): CController->runActionWithFilters(Object(CInlineAction), Array)
#12 F:\WWW\wy\framework\web\CWebApplication.php(282): CController->run('login')
#13 F:\WWW\wy\framework\web\CWebApplication.php(141): CWebApplication->runController('site/login')
#14 F:\WWW\wy\framework\base\CApplication.php(184): CWebApplication->processRequest()
#15 F:\WWW\wy\app\admin\index.php(11): CApplication->run()
#16 {main}
REQUEST_URI=/wy/app/admin/index.php/site/login
HTTP_REFERER=http://127.0.0.1/wy/app/admin/index.php
---
2015/10/09 16:58:18 [error] [exception.CDbException] exception 'CDbException' with message 'CDbConnection.connectionString cannot be empty.' in F:\WWW\wy\framework\db\CDbConnection.php:387
Stack trace:
#0 F:\WWW\wy\framework\db\CDbConnection.php(347): CDbConnection->open()
#1 F:\WWW\wy\framework\db\CDbConnection.php(325): CDbConnection->setActive(true)
#2 F:\WWW\wy\framework\base\CModule.php(394): CDbConnection->init()
#3 F:\WWW\wy\framework\base\CApplication.php(458): CModule->getComponent('db')
#4 F:\WWW\wy\framework\db\ar\CActiveRecord.php(637): CApplication->getDb()
#5 F:\WWW\wy\framework\db\ar\CActiveRecord.php(670): CActiveRecord->getDbConnection()
#6 F:\WWW\wy\framework\db\ar\CActiveRecord.php(1474): CActiveRecord->getCommandBuilder()
#7 F:\WWW\wy\app\admin\protected\controllers\SiteController.php(60): CActiveRecord->findAll(Array, 'id in (5,6)')
#8 F:\WWW\wy\framework\web\actions\CInlineAction.php(49): SiteController->actionLogin()
#9 F:\WWW\wy\framework\web\CController.php(308): CInlineAction->runWithParams(Array)
#10 F:\WWW\wy\framework\web\CController.php(286): CController->runAction(Object(CInlineAction))
#11 F:\WWW\wy\framework\web\CController.php(265): CController->runActionWithFilters(Object(CInlineAction), Array)
#12 F:\WWW\wy\framework\web\CWebApplication.php(282): CController->run('login')
#13 F:\WWW\wy\framework\web\CWebApplication.php(141): CWebApplication->runController('site/login')
#14 F:\WWW\wy\framework\base\CApplication.php(184): CWebApplication->processRequest()
#15 F:\WWW\wy\app\admin\index.php(11): CApplication->run()
#16 {main}
REQUEST_URI=/wy/app/admin/index.php/site/login
HTTP_REFERER=http://127.0.0.1/wy/app/admin/index.php
---
2015/10/09 16:58:19 [error] [exception.CDbException] exception 'CDbException' with message 'CDbConnection.connectionString cannot be empty.' in F:\WWW\wy\framework\db\CDbConnection.php:387
Stack trace:
#0 F:\WWW\wy\framework\db\CDbConnection.php(347): CDbConnection->open()
#1 F:\WWW\wy\framework\db\CDbConnection.php(325): CDbConnection->setActive(true)
#2 F:\WWW\wy\framework\base\CModule.php(394): CDbConnection->init()
#3 F:\WWW\wy\framework\base\CApplication.php(458): CModule->getComponent('db')
#4 F:\WWW\wy\framework\db\ar\CActiveRecord.php(637): CApplication->getDb()
#5 F:\WWW\wy\framework\db\ar\CActiveRecord.php(670): CActiveRecord->getDbConnection()
#6 F:\WWW\wy\framework\db\ar\CActiveRecord.php(1474): CActiveRecord->getCommandBuilder()
#7 F:\WWW\wy\app\admin\protected\controllers\SiteController.php(60): CActiveRecord->findAll(Array, 'id in (5,6)')
#8 F:\WWW\wy\framework\web\actions\CInlineAction.php(49): SiteController->actionLogin()
#9 F:\WWW\wy\framework\web\CController.php(308): CInlineAction->runWithParams(Array)
#10 F:\WWW\wy\framework\web\CController.php(286): CController->runAction(Object(CInlineAction))
#11 F:\WWW\wy\framework\web\CController.php(265): CController->runActionWithFilters(Object(CInlineAction), Array)
#12 F:\WWW\wy\framework\web\CWebApplication.php(282): CController->run('login')
#13 F:\WWW\wy\framework\web\CWebApplication.php(141): CWebApplication->runController('site/login')
#14 F:\WWW\wy\framework\base\CApplication.php(184): CWebApplication->processRequest()
#15 F:\WWW\wy\app\admin\index.php(11): CApplication->run()
#16 {main}
REQUEST_URI=/wy/app/admin/index.php/site/login
HTTP_REFERER=http://127.0.0.1/wy/app/admin/index.php
---
2015/10/09 17:02:20 [error] [exception.CDbException] exception 'CDbException' with message 'CDbConnection.connectionString cannot be empty.' in F:\WWW\wy\framework\db\CDbConnection.php:387
Stack trace:
#0 F:\WWW\wy\framework\db\CDbConnection.php(347): CDbConnection->open()
#1 F:\WWW\wy\framework\db\CDbConnection.php(325): CDbConnection->setActive(true)
#2 F:\WWW\wy\framework\base\CModule.php(394): CDbConnection->init()
#3 F:\WWW\wy\framework\base\CApplication.php(458): CModule->getComponent('db')
#4 F:\WWW\wy\framework\db\ar\CActiveRecord.php(637): CApplication->getDb()
#5 F:\WWW\wy\framework\db\ar\CActiveRecord.php(670): CActiveRecord->getDbConnection()
#6 F:\WWW\wy\framework\db\ar\CActiveRecord.php(1474): CActiveRecord->getCommandBuilder()
#7 F:\WWW\wy\app\admin\protected\controllers\SiteController.php(60): CActiveRecord->findAll(Array, 'id in (5,6)')
#8 F:\WWW\wy\framework\web\actions\CInlineAction.php(49): SiteController->actionLogin()
#9 F:\WWW\wy\framework\web\CController.php(308): CInlineAction->runWithParams(Array)
#10 F:\WWW\wy\framework\web\CController.php(286): CController->runAction(Object(CInlineAction))
#11 F:\WWW\wy\framework\web\CController.php(265): CController->runActionWithFilters(Object(CInlineAction), Array)
#12 F:\WWW\wy\framework\web\CWebApplication.php(282): CController->run('login')
#13 F:\WWW\wy\framework\web\CWebApplication.php(141): CWebApplication->runController('site/login')
#14 F:\WWW\wy\framework\base\CApplication.php(184): CWebApplication->processRequest()
#15 F:\WWW\wy\app\admin\index.php(11): CApplication->run()
#16 {main}
REQUEST_URI=/wy/app/admin/index.php/site/login
HTTP_REFERER=http://127.0.0.1/wy/app/admin/index.php
---
2015/10/09 17:02:21 [error] [exception.CDbException] exception 'CDbException' with message 'CDbConnection.connectionString cannot be empty.' in F:\WWW\wy\framework\db\CDbConnection.php:387
Stack trace:
#0 F:\WWW\wy\framework\db\CDbConnection.php(347): CDbConnection->open()
#1 F:\WWW\wy\framework\db\CDbConnection.php(325): CDbConnection->setActive(true)
#2 F:\WWW\wy\framework\base\CModule.php(394): CDbConnection->init()
#3 F:\WWW\wy\framework\base\CApplication.php(458): CModule->getComponent('db')
#4 F:\WWW\wy\framework\db\ar\CActiveRecord.php(637): CApplication->getDb()
#5 F:\WWW\wy\framework\db\ar\CActiveRecord.php(670): CActiveRecord->getDbConnection()
#6 F:\WWW\wy\framework\db\ar\CActiveRecord.php(1474): CActiveRecord->getCommandBuilder()
#7 F:\WWW\wy\app\admin\protected\controllers\SiteController.php(60): CActiveRecord->findAll(Array, 'id in (5,6)')
#8 F:\WWW\wy\framework\web\actions\CInlineAction.php(49): SiteController->actionLogin()
#9 F:\WWW\wy\framework\web\CController.php(308): CInlineAction->runWithParams(Array)
#10 F:\WWW\wy\framework\web\CController.php(286): CController->runAction(Object(CInlineAction))
#11 F:\WWW\wy\framework\web\CController.php(265): CController->runActionWithFilters(Object(CInlineAction), Array)
#12 F:\WWW\wy\framework\web\CWebApplication.php(282): CController->run('login')
#13 F:\WWW\wy\framework\web\CWebApplication.php(141): CWebApplication->runController('site/login')
#14 F:\WWW\wy\framework\base\CApplication.php(184): CWebApplication->processRequest()
#15 F:\WWW\wy\app\admin\index.php(11): CApplication->run()
#16 {main}
REQUEST_URI=/wy/app/admin/index.php/site/login
HTTP_REFERER=http://127.0.0.1/wy/app/admin/index.php
---
2015/10/09 17:02:22 [error] [exception.CDbException] exception 'CDbException' with message 'CDbConnection.connectionString cannot be empty.' in F:\WWW\wy\framework\db\CDbConnection.php:387
Stack trace:
#0 F:\WWW\wy\framework\db\CDbConnection.php(347): CDbConnection->open()
#1 F:\WWW\wy\framework\db\CDbConnection.php(325): CDbConnection->setActive(true)
#2 F:\WWW\wy\framework\base\CModule.php(394): CDbConnection->init()
#3 F:\WWW\wy\framework\base\CApplication.php(458): CModule->getComponent('db')
#4 F:\WWW\wy\framework\db\ar\CActiveRecord.php(637): CApplication->getDb()
#5 F:\WWW\wy\framework\db\ar\CActiveRecord.php(670): CActiveRecord->getDbConnection()
#6 F:\WWW\wy\framework\db\ar\CActiveRecord.php(1474): CActiveRecord->getCommandBuilder()
#7 F:\WWW\wy\app\admin\protected\controllers\SiteController.php(60): CActiveRecord->findAll(Array, 'id in (5,6)')
#8 F:\WWW\wy\framework\web\actions\CInlineAction.php(49): SiteController->actionLogin()
#9 F:\WWW\wy\framework\web\CController.php(308): CInlineAction->runWithParams(Array)
#10 F:\WWW\wy\framework\web\CController.php(286): CController->runAction(Object(CInlineAction))
#11 F:\WWW\wy\framework\web\CController.php(265): CController->runActionWithFilters(Object(CInlineAction), Array)
#12 F:\WWW\wy\framework\web\CWebApplication.php(282): CController->run('login')
#13 F:\WWW\wy\framework\web\CWebApplication.php(141): CWebApplication->runController('site/login')
#14 F:\WWW\wy\framework\base\CApplication.php(184): CWebApplication->processRequest()
#15 F:\WWW\wy\app\admin\index.php(11): CApplication->run()
#16 {main}
REQUEST_URI=/wy/app/admin/index.php/site/login
HTTP_REFERER=http://127.0.0.1/wy/app/admin/index.php
---
2015/10/09 17:39:19 [error] [system.db.CDbCommand] CDbCommand::fetchAll() failed: SQLSTATE[42S02]: Base table or view not found: 1146 Table 'test.tbl_post' doesn't exist. The SQL statement executed was: SHOW FULL COLUMNS FROM `tbl_post`.
2015/10/09 17:39:19 [error] [exception.CDbException] exception 'CDbException' with message 'The table "{{post}}" for active record class "Post" cannot be found in the database.' in F:\WWW\wy\framework\db\ar\CActiveRecord.php:2385
Stack trace:
#0 F:\WWW\wy\framework\db\ar\CActiveRecord.php(411): CActiveRecordMetaData->__construct(Object(Post))
#1 F:\WWW\wy\framework\db\ar\CActiveRecord.php(661): CActiveRecord->getMetaData()
#2 F:\WWW\wy\framework\db\ar\CActiveFinder.php(392): CActiveRecord->getTableSchema()
#3 F:\WWW\wy\framework\db\ar\CActiveFinder.php(47): CJoinElement->__construct(Object(CActiveFinder), Object(Post))
#4 F:\WWW\wy\framework\db\ar\CActiveRecord.php(912): CActiveFinder->__construct(Object(Post), 'commentCount')
#5 F:\WWW\wy\framework\db\ar\CActiveRecord.php(1609): CActiveRecord->getActiveFinder('commentCount')
#6 F:\WWW\wy\framework\web\CActiveDataProvider.php(228): CActiveRecord->count(Object(CDbCriteria))
#7 F:\WWW\wy\framework\web\CDataProvider.php(224): CActiveDataProvider->calculateTotalItemCount()
#8 F:\WWW\wy\framework\web\CActiveDataProvider.php(178): CDataProvider->getTotalItemCount()
#9 F:\WWW\wy\framework\web\CDataProvider.php(168): CActiveDataProvider->fetchData()
#10 F:\WWW\wy\framework\zii\widgets\CBaseListView.php(125): CDataProvider->getData()
#11 F:\WWW\wy\framework\zii\widgets\CListView.php(211): CBaseListView->init()
#12 F:\WWW\wy\framework\web\CBaseController.php(147): CListView->init()
#13 F:\WWW\wy\framework\web\CBaseController.php(180): CBaseController->createWidget('zii.widgets.CLi...', Array)
#14 F:\WWW\wy\app\admin\protected\views\post\index.php(9): CBaseController->widget('zii.widgets.CLi...', Array)
#15 F:\WWW\wy\framework\web\CBaseController.php(126): require('F:\WWW\wy\app\a...')
#16 F:\WWW\wy\framework\web\CBaseController.php(95): CBaseController->renderInternal('F:\WWW\wy\app\a...', Array, true)
#17 F:\WWW\wy\framework\web\CController.php(869): CBaseController->renderFile('F:\WWW\wy\app\a...', Array, true)
#18 F:\WWW\wy\framework\web\CController.php(782): CController->renderPartial('index', Array, true)
#19 F:\WWW\wy\app\admin\protected\controllers\PostController.php(136): CController->render('index', Array)
#20 F:\WWW\wy\framework\web\actions\CInlineAction.php(49): PostController->actionIndex()
#21 F:\WWW\wy\framework\web\CController.php(308): CInlineAction->runWithParams(Array)
#22 F:\WWW\wy\framework\web\filters\CFilterChain.php(133): CController->runAction(Object(CInlineAction))
#23 F:\WWW\wy\framework\web\filters\CFilter.php(40): CFilterChain->run()
#24 F:\WWW\wy\framework\web\CController.php(1145): CFilter->filter(Object(CFilterChain))
#25 F:\WWW\wy\framework\web\filters\CInlineFilter.php(58): CController->filterAccessControl(Object(CFilterChain))
#26 F:\WWW\wy\framework\web\filters\CFilterChain.php(130): CInlineFilter->filter(Object(CFilterChain))
#27 F:\WWW\wy\framework\web\CController.php(291): CFilterChain->run()
#28 F:\WWW\wy\framework\web\CController.php(265): CController->runActionWithFilters(Object(CInlineAction), Array)
#29 F:\WWW\wy\framework\web\CWebApplication.php(282): CController->run('')
#30 F:\WWW\wy\framework\web\CWebApplication.php(141): CWebApplication->runController(false)
#31 F:\WWW\wy\framework\base\CApplication.php(184): CWebApplication->processRequest()
#32 F:\WWW\wy\app\admin\index.php(11): CApplication->run()
#33 {main}
REQUEST_URI=/wy/app/admin/index.php
---
2015/10/09 17:46:53 [error] [system.db.CDbCommand] CDbCommand::fetchAll() failed: SQLSTATE[42S02]: Base table or view not found: 1146 Table 'test.tbl_post' doesn't exist. The SQL statement executed was: SHOW FULL COLUMNS FROM `tbl_post`.
2015/10/09 17:46:53 [error] [exception.CDbException] exception 'CDbException' with message 'The table "{{post}}" for active record class "Post" cannot be found in the database.' in F:\WWW\wy\framework\db\ar\CActiveRecord.php:2385
Stack trace:
#0 F:\WWW\wy\framework\db\ar\CActiveRecord.php(411): CActiveRecordMetaData->__construct(Object(Post))
#1 F:\WWW\wy\framework\db\ar\CActiveRecord.php(661): CActiveRecord->getMetaData()
#2 F:\WWW\wy\framework\db\ar\CActiveFinder.php(392): CActiveRecord->getTableSchema()
#3 F:\WWW\wy\framework\db\ar\CActiveFinder.php(47): CJoinElement->__construct(Object(CActiveFinder), Object(Post))
#4 F:\WWW\wy\framework\db\ar\CActiveRecord.php(912): CActiveFinder->__construct(Object(Post), 'commentCount')
#5 F:\WWW\wy\framework\db\ar\CActiveRecord.php(1609): CActiveRecord->getActiveFinder('commentCount')
#6 F:\WWW\wy\framework\web\CActiveDataProvider.php(228): CActiveRecord->count(Object(CDbCriteria))
#7 F:\WWW\wy\framework\web\CDataProvider.php(224): CActiveDataProvider->calculateTotalItemCount()
#8 F:\WWW\wy\framework\web\CActiveDataProvider.php(178): CDataProvider->getTotalItemCount()
#9 F:\WWW\wy\framework\web\CDataProvider.php(168): CActiveDataProvider->fetchData()
#10 F:\WWW\wy\framework\zii\widgets\CBaseListView.php(125): CDataProvider->getData()
#11 F:\WWW\wy\framework\zii\widgets\CListView.php(211): CBaseListView->init()
#12 F:\WWW\wy\framework\web\CBaseController.php(147): CListView->init()
#13 F:\WWW\wy\framework\web\CBaseController.php(180): CBaseController->createWidget('zii.widgets.CLi...', Array)
#14 F:\WWW\wy\app\admin\protected\views\post\index.php(9): CBaseController->widget('zii.widgets.CLi...', Array)
#15 F:\WWW\wy\framework\web\CBaseController.php(126): require('F:\WWW\wy\app\a...')
#16 F:\WWW\wy\framework\web\CBaseController.php(95): CBaseController->renderInternal('F:\WWW\wy\app\a...', Array, true)
#17 F:\WWW\wy\framework\web\CController.php(869): CBaseController->renderFile('F:\WWW\wy\app\a...', Array, true)
#18 F:\WWW\wy\framework\web\CController.php(782): CController->renderPartial('index', Array, true)
#19 F:\WWW\wy\app\admin\protected\controllers\PostController.php(136): CController->render('index', Array)
#20 F:\WWW\wy\framework\web\actions\CInlineAction.php(49): PostController->actionIndex()
#21 F:\WWW\wy\framework\web\CController.php(308): CInlineAction->runWithParams(Array)
#22 F:\WWW\wy\framework\web\filters\CFilterChain.php(133): CController->runAction(Object(CInlineAction))
#23 F:\WWW\wy\framework\web\filters\CFilter.php(40): CFilterChain->run()
#24 F:\WWW\wy\framework\web\CController.php(1145): CFilter->filter(Object(CFilterChain))
#25 F:\WWW\wy\framework\web\filters\CInlineFilter.php(58): CController->filterAccessControl(Object(CFilterChain))
#26 F:\WWW\wy\framework\web\filters\CFilterChain.php(130): CInlineFilter->filter(Object(CFilterChain))
#27 F:\WWW\wy\framework\web\CController.php(291): CFilterChain->run()
#28 F:\WWW\wy\framework\web\CController.php(265): CController->runActionWithFilters(Object(CInlineAction), Array)
#29 F:\WWW\wy\framework\web\CWebApplication.php(282): CController->run('')
#30 F:\WWW\wy\framework\web\CWebApplication.php(141): CWebApplication->runController('')
#31 F:\WWW\wy\framework\base\CApplication.php(184): CWebApplication->processRequest()
#32 F:\WWW\wy\app\admin\index.php(11): CApplication->run()
#33 {main}
REQUEST_URI=/wy/app/admin/index.php/
---
2015/10/09 17:46:56 [error] [system.db.CDbCommand] CDbCommand::fetchAll() failed: SQLSTATE[42S02]: Base table or view not found: 1146 Table 'test.tbl_post' doesn't exist. The SQL statement executed was: SHOW FULL COLUMNS FROM `tbl_post`.
2015/10/09 17:46:56 [error] [exception.CDbException] exception 'CDbException' with message 'The table "{{post}}" for active record class "Post" cannot be found in the database.' in F:\WWW\wy\framework\db\ar\CActiveRecord.php:2385
Stack trace:
#0 F:\WWW\wy\framework\db\ar\CActiveRecord.php(411): CActiveRecordMetaData->__construct(Object(Post))
#1 F:\WWW\wy\framework\db\ar\CActiveRecord.php(661): CActiveRecord->getMetaData()
#2 F:\WWW\wy\framework\db\ar\CActiveFinder.php(392): CActiveRecord->getTableSchema()
#3 F:\WWW\wy\framework\db\ar\CActiveFinder.php(47): CJoinElement->__construct(Object(CActiveFinder), Object(Post))
#4 F:\WWW\wy\framework\db\ar\CActiveRecord.php(912): CActiveFinder->__construct(Object(Post), 'commentCount')
#5 F:\WWW\wy\framework\db\ar\CActiveRecord.php(1609): CActiveRecord->getActiveFinder('commentCount')
#6 F:\WWW\wy\framework\web\CActiveDataProvider.php(228): CActiveRecord->count(Object(CDbCriteria))
#7 F:\WWW\wy\framework\web\CDataProvider.php(224): CActiveDataProvider->calculateTotalItemCount()
#8 F:\WWW\wy\framework\web\CActiveDataProvider.php(178): CDataProvider->getTotalItemCount()
#9 F:\WWW\wy\framework\web\CDataProvider.php(168): CActiveDataProvider->fetchData()
#10 F:\WWW\wy\framework\zii\widgets\CBaseListView.php(125): CDataProvider->getData()
#11 F:\WWW\wy\framework\zii\widgets\CListView.php(211): CBaseListView->init()
#12 F:\WWW\wy\framework\web\CBaseController.php(147): CListView->init()
#13 F:\WWW\wy\framework\web\CBaseController.php(180): CBaseController->createWidget('zii.widgets.CLi...', Array)
#14 F:\WWW\wy\app\admin\protected\views\post\index.php(9): CBaseController->widget('zii.widgets.CLi...', Array)
#15 F:\WWW\wy\framework\web\CBaseController.php(126): require('F:\WWW\wy\app\a...')
#16 F:\WWW\wy\framework\web\CBaseController.php(95): CBaseController->renderInternal('F:\WWW\wy\app\a...', Array, true)
#17 F:\WWW\wy\framework\web\CController.php(869): CBaseController->renderFile('F:\WWW\wy\app\a...', Array, true)
#18 F:\WWW\wy\framework\web\CController.php(782): CController->renderPartial('index', Array, true)
#19 F:\WWW\wy\app\admin\protected\controllers\PostController.php(136): CController->render('index', Array)
#20 F:\WWW\wy\framework\web\actions\CInlineAction.php(49): PostController->actionIndex()
#21 F:\WWW\wy\framework\web\CController.php(308): CInlineAction->runWithParams(Array)
#22 F:\WWW\wy\framework\web\filters\CFilterChain.php(133): CController->runAction(Object(CInlineAction))
#23 F:\WWW\wy\framework\web\filters\CFilter.php(40): CFilterChain->run()
#24 F:\WWW\wy\framework\web\CController.php(1145): CFilter->filter(Object(CFilterChain))
#25 F:\WWW\wy\framework\web\filters\CInlineFilter.php(58): CController->filterAccessControl(Object(CFilterChain))
#26 F:\WWW\wy\framework\web\filters\CFilterChain.php(130): CInlineFilter->filter(Object(CFilterChain))
#27 F:\WWW\wy\framework\web\CController.php(291): CFilterChain->run()
#28 F:\WWW\wy\framework\web\CController.php(265): CController->runActionWithFilters(Object(CInlineAction), Array)
#29 F:\WWW\wy\framework\web\CWebApplication.php(282): CController->run('')
#30 F:\WWW\wy\framework\web\CWebApplication.php(141): CWebApplication->runController('')
#31 F:\WWW\wy\framework\base\CApplication.php(184): CWebApplication->processRequest()
#32 F:\WWW\wy\app\admin\index.php(11): CApplication->run()
#33 {main}
REQUEST_URI=/wy/app/admin/index.php/
---
