2015/10/08 10:07:31 [error] [php] mkdir() [<a href='function.mkdir'>function.mkdir</a>]: File exists (F:\WWW\www\framework\utils\CFileHelper.php:361)
Stack trace:
#0 F:\WWW\www\framework\utils\CFileHelper.php(180): copyDirectoryRecursive()
#1 F:\WWW\www\framework\utils\CFileHelper.php(63): copyDirectoryRecursive()
#2 F:\WWW\www\framework\web\CAssetManager.php(251): copyDirectory()
#3 F:\WWW\www\framework\web\CClientScript.php(511): CAssetManager->publish()
#4 F:\WWW\www\framework\web\CClientScript.php(548): CClientScript->getCoreScriptUrl()
#5 F:\WWW\www\framework\web\CClientScript.php(349): CClientScript->getPackageBaseUrl()
#6 F:\WWW\www\framework\web\CClientScript.php(208): CClientScript->renderCoreScripts()
#7 F:\WWW\www\framework\web\CController.php(351): CClientScript->render()
#8 F:\WWW\www\framework\web\CController.php(788): PostController->processOutput()
#9 F:\WWW\www\demos\blog\protected\controllers\PostController.php(136): PostController->render()
#10 F:\WWW\www\framework\web\actions\CInlineAction.php(49): PostController->actionIndex()
#11 F:\WWW\www\framework\web\CController.php(308): CInlineAction->runWithParams()
#12 F:\WWW\www\framework\web\filters\CFilterChain.php(133): PostController->runAction()
#13 F:\WWW\www\framework\web\filters\CFilter.php(40): CFilterChain->run()
#14 F:\WWW\www\framework\web\CController.php(1145): CAccessControlFilter->filter()
#15 F:\WWW\www\framework\web\filters\CInlineFilter.php(58): PostController->filterAccessControl()
#16 F:\WWW\www\framework\web\filters\CFilterChain.php(130): CInlineFilter->filter()
#17 F:\WWW\www\framework\web\CController.php(291): CFilterChain->run()
#18 F:\WWW\www\framework\web\CController.php(265): PostController->runActionWithFilters()
#19 F:\WWW\www\framework\web\CWebApplication.php(282): PostController->run()
#20 F:\WWW\www\framework\web\CWebApplication.php(141): CWebApplication->runController()
#21 F:\WWW\www\framework\base\CApplication.php(184): CWebApplication->processRequest()
#22 F:\WWW\www\demos\blog\index.php(11): CWebApplication->run()
REQUEST_URI=/WWW/demos/blog/
